Aug 10 01:02:58 NEA-Live-complab-01 python.database/25907 pg502: Database 'configdb' too long statement: UPDATE channels_outputs_status SET output=0 WHERE channel='SD-LoadTest-053' AND sa='stb-dash-hdready-avc', duration: 671.277 milliseconds|#session1001000,warning,alarm,local4,support
Aug 10 01:02:58 NEA-Live-complab-01 python.database/25918 pg502: Database 'configdb' too long statement: SELECT get_db_version(), duration: 619.056 milliseconds|#session1001000,warning,alarm,local4,support
Aug 10 01:02:58 NEA-Live-complab-01 python.database/25925 pg502: Database 'configdb' too long statement: UPDATE channels_input_status SET status=0,, duration: 623.917 milliseconds|#session1001000,warning,alarm,local4,support
Aug 10 01:04:41 NEA-Live-complab-01 python.database/8709 pg503: Database 'configdb' too long statement closed|#close1001000,warning,alarm,local4,support
Aug 10 02:37:58 NEA-Live-complab-01 python.database/70778 pg502: Database 'configdb' too long statement: UPDATE channels_input_status SET status=0,, duration: 525.350 milliseconds|#session1001000,warning,alarm,local4,support
Aug 10 02:39:41 NEA-Live-complab-01 python.database/8709 pg503: Database 'configdb' too long statement closed|#close1001000,warning,alarm,local4,support
Aug 10 05:07:58 NEA-Live-complab-01 python.database/62378 pg502: Database 'configdb' too long statement: NOTIFY archive_section_purged, '{"source":"NEA-Live-complab-01","payload":{"channel":"SCTE012","start":1,"end":1691634882}}', duration: 553.352 milliseconds|#session1001000,warning,alarm,local4,support
Aug 10 05:09:41 NEA-Live-complab-01 python.database/8709 pg503: Database 'configdb' too long statement closed|#close1001000,warning,alarm,local4,support
Aug 10 05:42:58 NEA-Live-complab-01 python.database/66930 pg502: Database 'configdb' too long statement: UPDATE channels_input_status SET status=0,, duration: 981.851 milliseconds|#session1001000,warning,alarm,local4,support
Aug 10 05:44:41 NEA-Live-complab-01 python.database/8709 pg503: Database 'configdb' too long statement closed|#close1001000,warning,alarm,local4,support
Aug 10 07:02:58 NEA-Live-complab-01 python.database/47219 pg502: Database 'configdb' too long statement: , duration: 881.124 milliseconds|#session1001000,warning,alarm,local4,support
Aug 10 07:04:41 NEA-Live-complab-01 python.database/8709 pg503: Database 'configdb' too long statement closed|#close1001000,warning,alarm,local4,support
Aug 10 10:28:05 NEA-Live-complab-01 python.database/5738 pg502: Database 'configdb' too long statement: UPDATE channels_outputs_status SET output=0 WHERE channel='SD-LoadTest-013' AND sa='go-hls-sd-avc', duration: 574.381 milliseconds|#session1001000,warning,alarm,local4,support
Aug 10 10:29:41 NEA-Live-complab-01 python.database/8709 pg503: Database 'configdb' too long statement closed|#close1001000,warning,alarm,local4,support
Aug 11 18:28:21 NEA-Live-complab-01 python.database/41137 pg502: Database 'configdb' too long statement: UPDATE channels_outputs_status SET output=0 WHERE channel='FHD-LoadTest-017' AND sa='stb-dash-uhd', duration: 684.333 milliseconds|#session1001000,warning,alarm,local4,support
Aug 11 18:29:42 NEA-Live-complab-01 python.database/8709 pg503: Database 'configdb' too long statement closed|#close1001000,warning,alarm,local4,support
Aug 11 21:53:23 NEA-Live-complab-01 python.database/60260 pg502: Database 'configdb' too long statement: UPDATE channels_outputs_status SET output=0 WHERE channel='SD-LoadTest-000' AND sa='go-dash-sd-avc', duration: 761.997 milliseconds|#session1001000,warning,alarm,local4,support
Aug 11 21:53:23 NEA-Live-complab-01 python.database/60270 pg502: Database 'configdb' too long statement: UPDATE channels_input_status SET status=0,, duration: 605.066 milliseconds|#session1001000,warning,alarm,local4,support
Aug 11 21:54:42 NEA-Live-complab-01 python.database/8709 pg503: Database 'configdb' too long statement closed|#close1001000,warning,alarm,local4,support
Aug 12 01:43:23 NEA-Live-complab-01 python.database/53625 pg502: Database 'configdb' too long statement: UPDATE channels_input_status SET status=0,, duration: 637.071 milliseconds|#session1001000,warning,alarm,local4,support
Aug 12 01:43:23 NEA-Live-complab-01 python.database/53639 pg502: Database 'configdb' too long statement: UPDATE channels_input_status SET status=0,, duration: 634.169 milliseconds|#session1001000,warning,alarm,local4,support
Aug 12 01:44:42 NEA-Live-complab-01 python.database/8709 pg503: Database 'configdb' too long statement closed|#close1001000,warning,alarm,local4,support
Aug 12 02:28:24 NEA-Live-complab-01 python.database/48941 pg502: Database 'configdb' too long statement: UPDATE channels_outputs_status SET output=0 WHERE channel='FHD-LoadTest-002' AND sa='go-dash-fhd-hevc', duration: 516.052 milliseconds|#session1001000,warning,alarm,local4,support
Aug 12 02:28:25 NEA-Live-complab-01 python.database/49394 pg502: Database 'configdb' too long statement: UPDATE channels_outputs_status SET output=0 WHERE channel='SD-LoadTest-046' AND sa='go-dash-sd-avc', duration: 558.306 milliseconds|#session1001000,warning,alarm,local4,support
Aug 12 02:29:42 NEA-Live-complab-01 python.database/8709 pg503: Database 'configdb' too long statement closed|#close1001000,warning,alarm,local4,support
Aug 13 08:28:30 NEA-Live-complab-01 python.database/37099 pg502: Database 'configdb' too long statement: UPDATE channels_outputs_status SET output=0 WHERE channel='SD-LoadTest-046' AND sa='alldash', duration: 584.867 milliseconds|#session1001000,warning,alarm,local4,support
Aug 13 08:29:42 NEA-Live-complab-01 python.database/8709 pg503: Database 'configdb' too long statement closed|#close1001000,warning,alarm,local4,support
Aug 13 19:09:22 NEA-Live-complab-01 python.database/7786 pg502: Database 'configdb' too long statement: NOTIFY archive_section_purged, '{"source":"NEA-Live-complab-01","payload":{"channel":"FHD-LoadTest-020","start":1,"end":1691944566}}', duration: 545.082 milliseconds|#session1001000,warning,alarm,local4,support
Aug 13 19:09:22 NEA-Live-complab-01 python.database/7795 pg502: Database 'configdb' too long statement: UPDATE channels_input_status SET status=105, streams='[]', buffer=1102, buffer_info='{"minor_disruptions":0,"major_disruptions":1}',, duration: 511.170 milliseconds|#session1001000,warning,alarm,local4,support
Aug 13 19:10:42 NEA-Live-complab-01 python.database/8709 pg503: Database 'configdb' too long statement closed|#close1001000,warning,alarm,local4,support
Aug 14 07:39:23 NEA-Live-complab-01 python.database/43810 pg502: Database 'configdb' too long statement: UPDATE channels_outputs_status SET output=0 WHERE channel='SD-LoadTest-005' AND sa='stb-dash-fhd-hevc', duration: 646.903 milliseconds|#session1001000,warning,alarm,local4,support
